<?xml version="1.0" encoding="UTF-8"?>
<!-- Generated by org.testng.reporters.JUnitReportReporter -->
<testsuite hostname="AGI-LT-1760" name="com.pruthvi.Arisb2.TestNG02" tests="1" failures="0" timestamp="24 Sep 2021 04:13:09 GMT" time="10.639" errors="0">
  <testcase name="TS001" time="10.639" classname="com.pruthvi.Arisb2.TestNG02"/>
</testsuite> <!-- com.pruthvi.Arisb2.TestNG02 -->
